<?xml version="1.0" encoding="UTF-8"?>
<!-- Generated by org.testng.reporters.JUnitXMLReporter -->
<testsuite ignored="0" hostname="KRUZ-KUN" failures="0" tests="1" name="ParallelTestingSuite Test 1" time="0.093" errors="0" timestamp="2022-07-07T22:39:38 NPT">
  <testcase classname="plentyofJobsAutomationbase.BaseParallelTest" name="@BeforeMethod OpenApplication" time="-1.657212878851E9">
    <failure type="org.testng.TestNGException" message="
Method OpenApplication requires 2 parameters but 2 were supplied in the BeforeMethod annotation.">
      <![CDATA[org.testng.TestNGException: 
Method OpenApplication requires 2 parameters but 2 were supplied in the BeforeMethod annotation.
at java.base/java.util.ArrayList.forEach(ArrayList.java:1511)
... Removed 28 stack frames]]>
    </failure>
  </testcase> <!-- @BeforeMethod OpenApplication -->
  <testcase classname="plentyofjobsAutomationTesting.Login1Tests" name="LoginTest" time="0.0">
    <skipped/>
  </testcase> <!-- LoginTest -->
</testsuite> <!-- ParallelTestingSuite Test 1 -->
